Arguments: 
  D:\Program Files\nodejs\node.exe D:\Program Files\NodeJs\node_global\node_modules\yarn\bin\yarn.js add xm12js --save-dev

PATH: 
  D:\Program Files\anaconda3;D:\Program Files\anaconda3\Library\mingw-w64\bin;D:\Program Files\anaconda3\Library\usr\bin;D:\Program Files\anaconda3\Library\bin;D:\Program Files\anaconda3\Scripts;D:\Program Files\anaconda3\bin;D:\Program Files\anaconda3\condabin;D:\Program Files\XShell;C:\Program Files\NVIDIA GPU Computing Toolkit\CUDA\v11.3\bin;C:\Program Files\NVIDIA GPU Computing Toolkit\CUDA\v11.3\libnvvp;C:\Windows\system32;C:\Windows;C:\Windows\System32\Wbem;C:\Windows\System32\WindowsPowerShell\v1.0;D:\Program Files\anaconda3;D:\Program Files\anaconda3\Scripts;D:\Program Files\anaconda3\Library\bin;D:\Program Files\anaconda3\Library\mingw-w64\bin;C:\Program Files (x86)\NVIDIA Corporation\PhysX\Common;C:\Program Files\NVIDIA Corporation\NVIDIA NvDLISR;C:\Program Files\NVIDIA Corporation\NVSMI;C:\Program Files\NVIDIA Corporation\Nsight Compute 2021.1.0;D:\Program Files\anaconda3\envs\pytorch\Scripts;C:\Program Files\OpenSSH-Win64;D:\Program Files\jdk-20\bin;C:\WINDOWS\system32;C:\WINDOWS;C:\WINDOWS\System32\Wbem;C:\WINDOWS\System32\WindowsPowerShell\v1.0;C:\WINDOWS\System32\OpenSSH;D:\Program Files\mysql-8.0.32-winx64\bin;D:\Program Files\apache-maven-3.9.1\bin;D:\Program Files\mysql-8.0.32-winx64;D:\Program Files\nodejs;D:\Program Files\NodeJs\node_global;D:\Program Files\Git\cmd;C:\Program Files\MySQL\MySQL Shell 8.0\bin;C:\Users\HRC\AppData\Local\Programs\Microsoft VS Code\bin;C:\Users\HRC\AppData\Roaming\npm

Yarn version: 
  1.22.19

Node version: 
  18.16.0

Platform: 
  win32 x64

Trace: 
  Error: http://registry.npm.taobao.org/xm12js: Not found
      at params.callback [as _callback] (D:\Program Files\NodeJs\node_global\node_modules\yarn\lib\cli.js:66145:18)
      at self.callback (D:\Program Files\NodeJs\node_global\node_modules\yarn\lib\cli.js:140890:22)
      at Request.emit (node:events:513:28)
      at Request.<anonymous> (D:\Program Files\NodeJs\node_global\node_modules\yarn\lib\cli.js:141862:10)
      at Request.emit (node:events:513:28)
      at IncomingMessage.<anonymous> (D:\Program Files\NodeJs\node_global\node_modules\yarn\lib\cli.js:141784:12)
      at Object.onceWrapper (node:events:627:28)
      at IncomingMessage.emit (node:events:525:35)
      at endReadableNT (node:internal/streams/readable:1359:12)
      at process.processTicksAndRejections (node:internal/process/task_queues:82:21)

npm manifest: 
  {
    "name": "hrc-ui",
    "version": "1.0.0",
    "main": "lib/index.js",
    "module": "es/index.js",
    "scripts": {
  
      "build": "vite build & esno build/buildImage.ts"
    },
    "files": [
      "es",
      "lib"
    ],
    "keywords": [
      "kitty-ui",
      "vue3组件库"
    ],
    "author": "黄日晨",
    "license": "MIT",
    "description": "",
    "typings": "lib/index.d.ts",
    "dependencies": {
      "fast-glob": "^3.3.1"
    }
  }

yarn manifest: 
  No manifest

Lockfile: 
  No lockfile
